# JRE version: OpenJDK Runtime Environment Temurin-21.0.4+7 (21.0.4+7) (build 21.0.4+7-LTS)
# Java VM: OpenJDK 64-Bit Server VM Temurin-21.0.4+7 (21.0.4+7-LTS, mixed mode, sharing, tiered, compressed oops, compressed class ptrs, g1 gc, windows-amd64)
GC Precious Log:
 CardTable entry size: 512
 Card Set container configuration: InlinePtr #cards 5 size 8 Array Of Cards #cards 12 size 40 Howl #buckets 4 coarsen threshold 1843 Howl Bitmap #cards 512 size 80 coarsen threshold 460 Card regions per heap region 1 cards per card region 2048
 CPUs: 4 total, 4 available
 Memory: 6707M
 Large Page Support: Disabled
 NUMA Support: Disabled
 Compressed Oops: Enabled (32-bit)
 Heap Region Size: 1M
 Heap Min Capacity: 8M
 Heap Initial Capacity: 106M
 Heap Max Capacity: 1678M
 Pre-touch: Disabled
 Parallel Workers: 4
 Concurrent Workers: 1
 Concurrent Refinement Workers: 4
 Periodic GC: Disabled
Heap:
 garbage-first heap   total 54272K, used 37826K [0x0000000097200000, 0x0000000100000000)
  region size 1024K, 22 young (22528K), 3 survivors (3072K)
 Metaspace       used 43904K, committed 44480K, reserved 1114112K
  class space    used 6076K, committed 6336K, reserved 1048576K
GC Heap History (20 events):
Event: 6.429 GC heap before
{Heap before GC invocations=8 (full 0):
 garbage-first heap   total 45056K, used 34803K [0x0000000097200000, 0x0000000100000000)
  region size 1024K, 26 young (26624K), 4 survivors (4096K)
 Metaspace       used 24923K, committed 25216K, reserved 1114112K
  class space    used 3110K, committed 3264K, reserved 1048576K
}
Event: 6.435 GC heap after
{Heap after GC invocations=9 (full 0):
 garbage-first heap   total 45056K, used 13601K [0x0000000097200000, 0x0000000100000000)
  region size 1024K, 2 young (2048K), 2 survivors (2048K)
 Metaspace       used 24923K, committed 25216K, reserved 1114112K
  class space    used 3110K, committed 3264K, reserved 1048576K
}
Event: 6.702 GC heap before
{Heap before GC invocations=9 (full 0):
 garbage-first heap   total 45056K, used 36129K [0x0000000097200000, 0x0000000100000000)
  region size 1024K, 25 young (25600K), 2 survivors (2048K)
 Metaspace       used 26693K, committed 27008K, reserved 1114112K
  class space    used 3330K, committed 3456K, reserved 1048576K
}
Event: 6.708 GC heap after
{Heap after GC invocations=10 (full 0):
 garbage-first heap   total 45056K, used 13903K [0x0000000097200000, 0x0000000100000000)
  region size 1024K, 3 young (3072K), 3 survivors (3072K)
 Metaspace       used 26693K, committed 27008K, reserved 1114112K
  class space    used 3330K, committed 3456K, reserved 1048576K
}
Event: 7.146 GC heap before
{Heap before GC invocations=10 (full 0):
 garbage-first heap   total 45056K, used 36431K [0x0000000097200000, 0x0000000100000000)
  region size 1024K, 26 young (26624K), 3 survivors (3072K)
 Metaspace       used 28625K, committed 28992K, reserved 1114112K
  class space    used 3614K, committed 3776K, reserved 1048576K
}
Event: 7.150 GC heap after
{Heap after GC invocations=11 (full 0):
 garbage-first heap   total 45056K, used 15279K [0x0000000097200000, 0x0000000100000000)
  region size 1024K, 4 young (4096K), 4 survivors (4096K)
 Metaspace       used 28625K, committed 28992K, reserved 1114112K
  class space    used 3614K, committed 3776K, reserved 1048576K
}
Event: 8.185 GC heap before
{Heap before GC invocations=11 (full 0):
 garbage-first heap   total 45056K, used 36783K [0x0000000097200000, 0x0000000100000000)
  region size 1024K, 25 young (25600K), 4 survivors (4096K)
 Metaspace       used 31188K, committed 31680K, reserved 1114112K
  class space    used 3965K, committed 4224K, reserved 1048576K
}
Event: 8.191 GC heap after
{Heap after GC invocations=12 (full 0):
 garbage-first heap   total 45056K, used 15695K [0x0000000097200000, 0x0000000100000000)
  region size 1024K, 3 young (3072K), 3 survivors (3072K)
 Metaspace       used 31188K, committed 31680K, reserved 1114112K
  class space    used 3965K, committed 4224K, reserved 1048576K
}
Event: 8.500 GC heap before
{Heap before GC invocations=12 (full 0):
 garbage-first heap   total 45056K, used 37199K [0x0000000097200000, 0x0000000100000000)
  region size 1024K, 24 young (24576K), 3 survivors (3072K)
 Metaspace       used 33002K, committed 33472K, reserved 1114112K
  class space    used 4309K, committed 4544K, reserved 1048576K
}
Event: 8.504 GC heap after
{Heap after GC invocations=13 (full 0):
 garbage-first heap   total 45056K, used 16224K [0x0000000097200000, 0x0000000100000000)
  region size 1024K, 2 young (2048K), 2 survivors (2048K)
 Metaspace       used 33002K, committed 33472K, reserved 1114112K
  class space    used 4309K, committed 4544K, reserved 1048576K
}
Event: 8.874 GC heap before
{Heap before GC invocations=13 (full 0):
 garbage-first heap   total 45056K, used 38752K [0x0000000097200000, 0x0000000100000000)
  region size 1024K, 24 young (24576K), 2 survivors (2048K)
 Metaspace       used 34975K, committed 35456K, reserved 1114112K
  class space    used 4658K, committed 4864K, reserved 1048576K
}
Event: 8.877 GC heap after
{Heap after GC invocations=14 (full 0):
 garbage-first heap   total 54272K, used 16520K [0x0000000097200000, 0x0000000100000000)
  region size 1024K, 2 young (2048K), 2 survivors (2048K)
 Metaspace       used 34975K, committed 35456K, reserved 1114112K
  class space    used 4658K, committed 4864K, reserved 1048576K
}
Event: 8.961 GC heap before
{Heap before GC invocations=14 (full 0):
 garbage-first heap   total 54272K, used 21640K [0x0000000097200000, 0x0000000100000000)
  region size 1024K, 8 young (8192K), 2 survivors (2048K)
 Metaspace       used 35463K, committed 35968K, reserved 1114112K
  class space    used 4732K, committed 4992K, reserved 1048576K
}
Event: 8.965 GC heap after
{Heap after GC invocations=15 (full 0):
 garbage-first heap   total 54272K, used 16699K [0x0000000097200000, 0x0000000100000000)
  region size 1024K, 2 young (2048K), 2 survivors (2048K)
 Metaspace       used 35463K, committed 35968K, reserved 1114112K
  class space    used 4732K, committed 4992K, reserved 1048576K
}
Event: 9.691 GC heap before
{Heap before GC invocations=16 (full 0):
 garbage-first heap   total 54272K, used 46395K [0x0000000097200000, 0x0000000100000000)
  region size 1024K, 31 young (31744K), 2 survivors (2048K)
 Metaspace       used 37910K, committed 38464K, reserved 1114112K
  class space    used 5164K, committed 5440K, reserved 1048576K
}
Event: 9.696 GC heap after
{Heap after GC invocations=17 (full 0):
 garbage-first heap   total 54272K, used 17857K [0x0000000097200000, 0x0000000100000000)
  region size 1024K, 3 young (3072K), 3 survivors (3072K)
 Metaspace       used 37910K, committed 38464K, reserved 1114112K
  class space    used 5164K, committed 5440K, reserved 1048576K
}
Event: 10.352 GC heap before
{Heap before GC invocations=17 (full 0):
 garbage-first heap   total 54272K, used 46529K [0x0000000097200000, 0x0000000100000000)
  region size 1024K, 31 young (31744K), 3 survivors (3072K)
 Metaspace       used 40108K, committed 40640K, reserved 1114112K
  class space    used 5454K, committed 5696K, reserved 1048576K
}
Event: 10.361 GC heap after
{Heap after GC invocations=18 (full 0):
 garbage-first heap   total 54272K, used 19467K [0x0000000097200000, 0x0000000100000000)
  region size 1024K, 4 young (4096K), 4 survivors (4096K)
 Metaspace       used 40108K, committed 40640K, reserved 1114112K
  class space    used 5454K, committed 5696K, reserved 1048576K
}
Event: 10.829 GC heap before
{Heap before GC invocations=18 (full 0):
 garbage-first heap   total 54272K, used 45067K [0x0000000097200000, 0x0000000100000000)
  region size 1024K, 29 young (29696K), 4 survivors (4096K)
 Metaspace       used 42055K, committed 42688K, reserved 1114112K
  class space    used 5765K, committed 6016K, reserved 1048576K
}
Event: 10.835 GC heap after
{Heap after GC invocations=19 (full 0):
 garbage-first heap   total 54272K, used 20418K [0x0000000097200000, 0x0000000100000000)
  region size 1024K, 3 young (3072K), 3 survivors (3072K)
 Metaspace       used 42055K, committed 42688K, reserved 1114112K
  class space    used 5765K, committed 6016K, reserved 1048576K
}

